<?xml version="1.0" encoding="UTF-8"?>
<testng-results ignored="0" total="3" passed="3" failed="0" skipped="0">
  <reporter-output>
  </reporter-output>
  <suite started-at="2022-11-27T13:45:02 IST" name="Suite" finished-at="2022-11-27T13:45:21 IST" duration-ms="19177">
    <groups>
    </groups>
    <test started-at="2022-11-27T13:45:02 IST" name="Test1" finished-at="2022-11-27T13:45:21 IST" duration-ms="19177">
      <class name="testng.dataProviderDtaDrivenTesting">
        <test-method signature="TestCasesearchGoogle(java.lang.String,java.lang.String)[pri:0, instance:testng.dataProviderDtaDrivenTesting@1ea9f6af]" started-at="2022-11-27T13:45:02 IST" name="TestCasesearchGoogle" data-provider="searchDataSet" finished-at="2022-11-27T13:45:09 IST" duration-ms="7470" status="PASS">
          <params>
            <param index="0">
              <value>
                <![CDATA[India]]>
              </value>
            </param>
            <param index="1">
              <value>
                <![CDATA[Qutub Minar]]>
              </value>
            </param>
          </params>
          <reporter-output>
          </reporter-output>
        </test-method> <!-- TestCasesearchGoogle -->
        <test-method signature="TestCasesearchGoogle(java.lang.String,java.lang.String)[pri:0, instance:testng.dataProviderDtaDrivenTesting@1ea9f6af]" started-at="2022-11-27T13:45:09 IST" name="TestCasesearchGoogle" data-provider="searchDataSet" finished-at="2022-11-27T13:45:14 IST" duration-ms="4906" status="PASS">
          <params>
            <param index="0">
              <value>
                <![CDATA[Agra]]>
              </value>
            </param>
            <param index="1">
              <value>
                <![CDATA[Taj Mahal]]>
              </value>
            </param>
          </params>
          <reporter-output>
          </reporter-output>
        </test-method> <!-- TestCasesearchGoogle -->
        <test-method signature="TestCasesearchGoogle(java.lang.String,java.lang.String)[pri:0, instance:testng.dataProviderDtaDrivenTesting@1ea9f6af]" started-at="2022-11-27T13:45:14 IST" name="TestCasesearchGoogle" data-provider="searchDataSet" finished-at="2022-11-27T13:45:21 IST" duration-ms="6742" status="PASS">
          <params>
            <param index="0">
              <value>
                <![CDATA[Hyderabad]]>
              </value>
            </param>
            <param index="1">
              <value>
                <![CDATA[charminar]]>
              </value>
            </param>
          </params>
          <reporter-output>
          </reporter-output>
        </test-method> <!-- TestCasesearchGoogle -->
      </class> <!-- testng.dataProviderDtaDrivenTesting -->
    </test> <!-- Test1 -->
  </suite> <!-- Suite -->
</testng-results>
