<?xml version="1.0" encoding="UTF-8"?>
<!-- Generated by org.testng.reporters.JUnitXMLReporter -->
<testsuite ignored="0" hostname="DESKTOP-TODJAB7" failures="0" tests="3" name="Test1" time="19.177" errors="0" timestamp="2022-11-27T13:45:21 IST">
  <testcase classname="testng.dataProviderDtaDrivenTesting" name="TestCasesearchGoogle" time="7.47"/>
  <testcase classname="testng.dataProviderDtaDrivenTesting" name="TestCasesearchGoogle" time="4.906"/>
  <testcase classname="testng.dataProviderDtaDrivenTesting" name="TestCasesearchGoogle" time="6.742"/>
</testsuite> <!-- Test1 -->
